        m1_0.batch_number,
        m1_0.created_at,
        m1_0.description,
        m1_0.dosage,
        m1_0.dosage_unit,
        m1_0.expiry_date,
        m1_0.image_url,
        m1_0.low_stock_threshold,
        m1_0.manufacturer,
        m1_0.medicine_type,
        m1_0.name,
        m1_0.prescription_required,
        m1_0.price,
        m1_0.purchase_date,
        m1_0.quantity,
        m1_0.quantity_unit,
        m1_0.side_effects,
        m1_0.status,
        m1_0.storage_instructions,
        m1_0.updated_at,
        m1_0.user_id 
    from
        medicines m1_0 
    where
        m1_0.id=?
2026-03-18T09:43:55.281+05:30 ERROR 15424 --- [SmartMedicine] [nio-8082-exec-4] c.s.exception.GlobalExceptionHandler     : Unexpected error: Name for argument of type [int] not specified, and parameter name information not found in class file either.

java.lang.IllegalArgumentException: Name for argument of type [int] not specified, and parameter name information not found in class file either.
	at org.springframework.web.method.annotation.AbstractNamedValueMethodArgumentResolver.updateNamedValueInfo(AbstractNamedValueMethodArgumentResolver.java:183) ~[spring-web-6.1.1.jar:6.1.1]
	at org.springframework.web.method.annotation.AbstractNamedValueMethodArgumentResolver.getNamedValueInfo(AbstractNamedValueMethodArgumentResolver.java:160) ~[spring-web-6.1.1.jar:6.1.1]
	at org.springframework.web.method.annotation.AbstractNamedValueMethodArgumentResolver.resolveArgument(AbstractNamedValueMethodArgumentResolver.java:106) ~[spring-web-6.1.1.jar:6.1.1]
	at org.springframework.web.method.support.HandlerMethodArgumentResolverComposite.resolveArgument(HandlerMethodArgumentResolverComposite.java:122) ~[spring-web-6.1.1.jar:6.1.1]
	at org.springframework.web.method.support.InvocableHandlerMethod.getMethodArgumentValues(InvocableHandlerMethod.java:218) ~[spring-web-6.1.1.jar:6.1.1]
	at org.springframework.web.method.support.InvocableHandlerMethod.invokeForRequest(InvocableHandlerMethod.java:171) ~[spring-web-6.1.1.jar:6.1.1]
	at org.springframework.web.servlet.mvc.method.annotation.ServletInvocableHandlerMethod.invokeAndHandle(ServletInvocableHandlerMethod.java:118) ~[spring-webmvc-6.1.1.jar:6.1.1]
	at org.springframework.web.servlet.mvc.method.annotation.RequestMappingHandlerAdapter.invokeHandlerMethod(RequestMappingHandlerAdapter.java:917) ~[spring-webmvc-6.1.1.jar:6.1.1]
	at org.springframework.web.servlet.mvc.method.annotation.RequestMappingHandlerAdapter.handleInternal(RequestMappingHandlerAdapter.java:829) ~[spring-webmvc-6.1.1.jar:6.1.1]
	at org.springframework.web.servlet.mvc.method.AbstractHandlerMethodAdapter.handle(AbstractHandlerMethodAdapter.java:87) ~[spring-webmvc-6.1.1.jar:6.1.1]
	at org.springframework.web.servlet.DispatcherServlet.doDispatch(DispatcherServlet.java:1089) ~[spring-webmvc-6.1.1.jar:6.1.1]
	at org.springframework.web.servlet.DispatcherServlet.doService(DispatcherServlet.java:979) ~[spring-webmvc-6.1.1.jar:6.1.1]
	at org.springframework.web.servlet.FrameworkServlet.processRequest(FrameworkServlet.java:1014) ~[spring-webmvc-6.1.1.jar:6.1.1]
	at org.springframework.web.servlet.FrameworkServlet.doGet(FrameworkServlet.java:903) ~[spring-webmvc-6.1.1.jar:6.1.1]
	at jakarta.servlet.http.HttpServlet.service(HttpServlet.java:564) ~[tomcat-embed-core-10.1.16.jar:6.0]
	at org.springframework.web.servlet.FrameworkServlet.service(FrameworkServlet.java:885) ~[spring-webmvc-6.1.1.jar:6.1.1]
	at jakarta.servlet.http.HttpServlet.service(HttpServlet.java:658) ~[tomcat-embed-core-10.1.16.jar:6.0]
	at org.apache.catalina.core.ApplicationFilterChain.internalDoFilter(ApplicationFilterChain.java:205) ~[tomcat-embed-core-10.1.16.jar:10.1.16]
	at org.apache.catalina.core.ApplicationFilterChain.doFilter(ApplicationFilterChain.java:149) ~[tomcat-embed-core-10.1.16.jar:10.1.16]
	at org.apache.tomcat.websocket.server.WsFilter.doFilter(WsFilter.java:51) ~[tomcat-embed-websocket-10.1.16.jar:10.1.16]
	at org.apache.catalina.core.ApplicationFilterChain.internalDoFilter(ApplicationFilterChain.java:174) ~[tomcat-embed-core-10.1.16.jar:10.1.16]
	at org.apache.catalina.core.ApplicationFilterChain.doFilter(ApplicationFilterChain.java:149) ~[tomcat-embed-core-10.1.16.jar:10.1.16]
	at org.springframework.web.filter.OncePerRequestFilter.doFilter(OncePerRequestFilter.java:110) ~[spring-web-6.1.1.jar:6.1.1]
	at org.apache.catalina.core.ApplicationFilterChain.internalDoFilter(ApplicationFilterChain.java:174) ~[tomcat-embed-core-10.1.16.jar:10.1.16]
	at org.apache.catalina.core.ApplicationFilterChain.doFilter(ApplicationFilterChain.java:149) ~[tomcat-embed-core-10.1.16.jar:10.1.16]
	at org.springframework.security.web.FilterChainProxy.lambda$doFilterInternal$3(FilterChainProxy.java:231) ~[spring-security-web-6.2.0.jar:6.2.0]
	at org.springframework.security.web.ObservationFilterChainDecorator$FilterObservation$SimpleFilterObservation.lambda$wrap$1(ObservationFilterChainDecorator.java:479) ~[spring-security-web-6.2.0.jar:6.2.0]
	at org.springframework.security.web.ObservationFilterChainDecorator$AroundFilterObservation$SimpleAroundFilterObservation.lambda$wrap$1(ObservationFilterChainDecorator.java:340) ~[spring-security-web-6.2.0.jar:6.2.0]
	at org.springframework.security.web.ObservationFilterChainDecorator.lambda$wrapSecured$0(ObservationFilterChainDecorator.java:82) ~[spring-security-web-6.2.0.jar:6.2.0]
	at org.springframework.security.web.ObservationFilterChainDecorator$VirtualFilterChain.doFilter(ObservationFilterChainDecorator.java:128) ~[spring-security-web-6.2.0.jar:6.2.0]
	at org.springframework.security.web.access.intercept.AuthorizationFilter.doFilter(AuthorizationFilter.java:100) ~[spring-security-web-6.2.0.jar:6.2.0]
	at org.springframework.security.web.ObservationFilterChainDecorator$ObservationFilter.wrapFilter(ObservationFilterChainDecorator.java:240) ~[spring-security-web-6.2.0.jar:6.2.0]
	at org.springframework.security.web.ObservationFilterChainDecorator$ObservationFilter.doFilter(ObservationFilterChainDecorator.java:227) ~[spring-security-web-6.2.0.jar:6.2.0]
	at org.springframework.security.web.ObservationFilterChainDecorator$VirtualFilterChain.doFilter(ObservationFilterChainDecorator.java:137) ~[spring-security-web-6.2.0.jar:6.2.0]
	at org.springframework.security.web.access.ExceptionTranslationFilter.doFilter(ExceptionTranslationFilter.java:126) ~[spring-security-web-6.2.0.jar:6.2.0]
	at org.springframework.security.web.access.ExceptionTranslationFilter.doFilter(ExceptionTranslationFilter.java:120) ~[spring-security-web-6.2.0.jar:6.2.0]
	at org.springframework.security.web.ObservationFilterChainDecorator$ObservationFilter.wrapFilter(ObservationFilterChainDecorator.java:240) ~[spring-security-web-6.2.0.jar:6.2.0]
	at org.springframework.security.web.ObservationFilterChainDecorator$ObservationFilter.doFilter(ObservationFilterChainDecorator.java:227) ~[spring-security-web-6.2.0.jar:6.2.0]
	at org.springframework.security.web.ObservationFilterChainDecorator$VirtualFilterChain.doFilter(ObservationFilterChainDecorator.java:137) ~[spring-security-web-6.2.0.jar:6.2.0]
	at org.springframework.security.web.session.SessionManagementFilter.doFilter(SessionManagementFilter.java:131) ~[spring-security-web-6.2.0.jar:6.2.0]
	at org.springframework.security.web.session.SessionManagementFilter.doFilter(SessionManagementFilter.java:85) ~[spring-security-web-6.2.0.jar:6.2.0]
	at org.springframework.security.web.ObservationFilterChainDecorator$ObservationFilter.wrapFilter(ObservationFilterChainDecorator.java:240) ~[spring-security-web-6.2.0.jar:6.2.0]
	at org.springframework.security.web.ObservationFilterChainDecorator$ObservationFilter.doFilter(ObservationFilterChainDecorator.java:227) ~[spring-security-web-6.2.0.jar:6.2.0]
	at org.springframework.security.web.ObservationFilterChainDecorator$VirtualFilterChain.doFilter(ObservationFilterChainDecorator.java:137) ~[spring-security-web-6.2.0.jar:6.2.0]
	at org.springframework.security.web.authentication.AnonymousAuthenticationFilter.doFilter(AnonymousAuthenticationFilter.java:100) ~[spring-security-web-6.2.0.jar:6.2.0]
	at org.springframework.security.web.ObservationFilterChainDecorator$ObservationFilter.wrapFilter(ObservationFilterChainDecorator.java:240) ~[spring-security-web-6.2.0.jar:6.2.0]
	at org.springframework.security.web.ObservationFilterChainDecorator$ObservationFilter.doFilter(ObservationFilterChainDecorator.java:227) ~[spring-security-web-6.2.0.jar:6.2.0]
	at org.springframework.security.web.ObservationFilterChainDecorator$VirtualFilterChain.doFilter(ObservationFilterChainDecorator.java:137) ~[spring-security-web-6.2.0.jar:6.2.0]
	at org.springframework.security.web.servletapi.SecurityContextHolderAwareRequestFilter.doFilter(SecurityContextHolderAwareRequestFilter.java:179) ~[spring-security-web-6.2.0.jar:6.2.0]
	at org.springframework.security.web.ObservationFilterChainDecorator$ObservationFilter.wrapFilter(ObservationFilterChainDecorator.java:240) ~[spring-security-web-6.2.0.jar:6.2.0]
	at org.springframework.security.web.ObservationFilterChainDecorator$ObservationFilter.doFilter(ObservationFilterChainDecorator.java:227) ~[spring-security-web-6.2.0.jar:6.2.0]
	at org.springframework.security.web.ObservationFilterChainDecorator$VirtualFilterChain.doFilter(ObservationFilterChainDecorator.java:137) ~[spring-security-web-6.2.0.jar:6.2.0]
	at org.springframework.security.web.savedrequest.RequestCacheAwareFilter.doFilter(RequestCacheAwareFilter.java:63) ~[spring-security-web-6.2.0.jar:6.2.0]
	at org.springframework.security.web.ObservationFilterChainDecorator$ObservationFilter.wrapFilter(ObservationFilterChainDecorator.java:240) ~[spring-security-web-6.2.0.jar:6.2.0]
	at org.springframework.security.web.ObservationFilterChainDecorator$ObservationFilter.doFilter(ObservationFilterChainDecorator.java:227) ~[spring-security-web-6.2.0.jar:6.2.0]
	at org.springframework.security.web.ObservationFilterChainDecorator$VirtualFilterChain.doFilter(ObservationFilterChainDecorator.java:137) ~[spring-security-web-6.2.0.jar:6.2.0]
	at com.smartmedicine.config.JwtAuthenticationFilter.doFilterInternal(JwtAuthenticationFilter.java:60) ~[classes/:na]
	at org.springframework.web.filter.OncePerRequestFilter.doFilter(OncePerRequestFilter.java:116) ~[spring-web-6.1.1.jar:6.1.1]
	at org.springframework.security.web.ObservationFilterChainDecorator$ObservationFilter.wrapFilter(ObservationFilterChainDecorator.java:240) ~[spring-security-web-6.2.0.jar:6.2.0]
	at org.springframework.security.web.ObservationFilterChainDecorator$ObservationFilter.doFilter(ObservationFilterChainDecorator.java:227) ~[spring-security-web-6.2.0.jar:6.2.0]
	at org.springframework.security.web.ObservationFilterChainDecorator$VirtualFilterChain.doFilter(ObservationFilterChainDecorator.java:137) ~[spring-security-web-6.2.0.jar:6.2.0]
	at org.springframework.security.web.authentication.logout.LogoutFilter.doFilter(LogoutFilter.java:107) ~[spring-security-web-6.2.0.jar:6.2.0]
	at org.springframework.security.web.authentication.logout.LogoutFilter.doFilter(LogoutFilter.java:93) ~[spring-security-web-6.2.0.jar:6.2.0]
	at org.springframework.security.web.ObservationFilterChainDecorator$ObservationFilter.wrapFilter(ObservationFilterChainDecorator.java:240) ~[spring-security-web-6.2.0.jar:6.2.0]
	at org.springframework.security.web.ObservationFilterChainDecorator$ObservationFilter.doFilter(ObservationFilterChainDecorator.java:227) ~[spring-security-web-6.2.0.jar:6.2.0]
	at org.springframework.security.web.ObservationFilterChainDecorator$VirtualFilterChain.doFilter(ObservationFilterChainDecorator.java:137) ~[spring-security-web-6.2.0.jar:6.2.0]
	at org.springframework.web.filter.CorsFilter.doFilterInternal(CorsFilter.java:91) ~[spring-web-6.1.1.jar:6.1.1]
	at org.springframework.web.filter.OncePerRequestFilter.doFilter(OncePerRequestFilter.java:116) ~[spring-web-6.1.1.jar:6.1.1]
	at org.springframework.security.web.ObservationFilterChainDecorator$ObservationFilter.wrapFilter(ObservationFilterChainDecorator.java:240) ~[spring-security-web-6.2.0.jar:6.2.0]
	at org.springframework.security.web.ObservationFilterChainDecorator$ObservationFilter.doFilter(ObservationFilterChainDecorator.java:227) ~[spring-security-web-6.2.0.jar:6.2.0]
	at org.springframework.security.web.ObservationFilterChainDecorator$VirtualFilterChain.doFilter(ObservationFilterChainDecorator.java:137) ~[spring-security-web-6.2.0.jar:6.2.0]
	at org.springframework.security.web.header.HeaderWriterFilter.doHeadersAfter(HeaderWriterFilter.java:90) ~[spring-security-web-6.2.0.jar:6.2.0]
	at org.springframework.security.web.header.HeaderWriterFilter.doFilterInternal(HeaderWriterFilter.java:75) ~[spring-security-web-6.2.0.jar:6.2.0]
	at org.springframework.web.filter.OncePerRequestFilter.doFilter(OncePerRequestFilter.java:116) ~[spring-web-6.1.1.jar:6.1.1]
	at org.springframework.security.web.ObservationFilterChainDecorator$ObservationFilter.wrapFilter(ObservationFilterChainDecorator.java:240) ~[spring-security-web-6.2.0.jar:6.2.0]
	at org.springframework.security.web.ObservationFilterChainDecorator$ObservationFilter.doFilter(ObservationFilterChainDecorator.java:227) ~[spring-security-web-6.2.0.jar:6.2.0]
	at org.springframework.security.web.ObservationFilterChainDecorator$VirtualFilterChain.doFilter(ObservationFilterChainDecorator.java:137) ~[spring-security-web-6.2.0.jar:6.2.0]
	at org.springframework.security.web.context.SecurityContextHolderFilter.doFilter(SecurityContextHolderFilter.java:82) ~[spring-security-web-6.2.0.jar:6.2.0]
	at org.springframework.security.web.context.SecurityContextHolderFilter.doFilter(SecurityContextHolderFilter.java:69) ~[spring-security-web-6.2.0.jar:6.2.0]
	at org.springframework.security.web.ObservationFilterChainDecorator$ObservationFilter.wrapFilter(ObservationFilterChainDecorator.java:240) ~[spring-security-web-6.2.0.jar:6.2.0]
	at org.springframework.security.web.ObservationFilterChainDecorator$ObservationFilter.doFilter(ObservationFilterChainDecorator.java:227) ~[spring-security-web-6.2.0.jar:6.2.0]
	at org.springframework.security.web.ObservationFilterChainDecorator$VirtualFilterChain.doFilter(ObservationFilterChainDecorator.java:137) ~[spring-security-web-6.2.0.jar:6.2.0]
	at org.springframework.security.web.context.request.async.WebAsyncManagerIntegrationFilter.doFilterInternal(WebAsyncManagerIntegrationFilter.java:62) ~[spring-security-web-6.2.0.jar:6.2.0]
	at org.springframework.web.filter.OncePerRequestFilter.doFilter(OncePerRequestFilter.java:116) ~[spring-web-6.1.1.jar:6.1.1]
	at org.springframework.security.web.ObservationFilterChainDecorator$ObservationFilter.wrapFilter(ObservationFilterChainDecorator.java:240) ~[spring-security-web-6.2.0.jar:6.2.0]
	at org.springframework.security.web.ObservationFilterChainDecorator$ObservationFilter.doFilter(ObservationFilterChainDecorator.java:227) ~[spring-security-web-6.2.0.jar:6.2.0]
	at org.springframework.security.web.ObservationFilterChainDecorator$VirtualFilterChain.doFilter(ObservationFilterChainDecorator.java:137) ~[spring-security-web-6.2.0.jar:6.2.0]
	at org.springframework.security.web.session.DisableEncodeUrlFilter.doFilterInternal(DisableEncodeUrlFilter.java:42) ~[spring-security-web-6.2.0.jar:6.2.0]
	at org.springframework.web.filter.OncePerRequestFilter.doFilter(OncePerRequestFilter.java:116) ~[spring-web-6.1.1.jar:6.1.1]
	at org.springframework.security.web.ObservationFilterChainDecorator$ObservationFilter.wrapFilter(ObservationFilterChainDecorator.java:240) ~[spring-security-web-6.2.0.jar:6.2.0]
	at org.springframework.security.web.ObservationFilterChainDecorator$AroundFilterObservation$SimpleAroundFilterObservation.lambda$wrap$0(ObservationFilterChainDecorator.java:323) ~[spring-security-web-6.2.0.jar:6.2.0]
	at org.springframework.security.web.ObservationFilterChainDecorator$ObservationFilter.doFilter(ObservationFilterChainDecorator.java:224) ~[spring-security-web-6.2.0.jar:6.2.0]
	at org.springframework.security.web.ObservationFilterChainDecorator$VirtualFilterChain.doFilter(ObservationFilterChainDecorator.java:137) ~[spring-security-web-6.2.0.jar:6.2.0]
	at org.springframework.security.web.FilterChainProxy.doFilterInternal(FilterChainProxy.java:233) ~[spring-security-web-6.2.0.jar:6.2.0]
	at org.springframework.security.web.FilterChainProxy.doFilter(FilterChainProxy.java:191) ~[spring-security-web-6.2.0.jar:6.2.0]
	at org.springframework.web.filter.DelegatingFilterProxy.invokeDelegate(DelegatingFilterProxy.java:352) ~[spring-web-6.1.1.jar:6.1.1]
	at org.springframework.web.filter.DelegatingFilterProxy.doFilter(DelegatingFilterProxy.java:268) ~[spring-web-6.1.1.jar:6.1.1]
	at org.apache.catalina.core.ApplicationFilterChain.internalDoFilter(ApplicationFilterChain.java:174) ~[tomcat-embed-core-10.1.16.jar:10.1.16]
	at org.apache.catalina.core.ApplicationFilterChain.doFilter(ApplicationFilterChain.java:149) ~[tomcat-embed-core-10.1.16.jar:10.1.16]
	at org.springframework.web.filter.RequestContextFilter.doFilterInternal(RequestContextFilter.java:100) ~[spring-web-6.1.1.jar:6.1.1]
	at org.springframework.web.filter.OncePerRequestFilter.doFilter(OncePerRequestFilter.java:116) ~[spring-web-6.1.1.jar:6.1.1]
	at org.apache.catalina.core.ApplicationFilterChain.internalDoFilter(ApplicationFilterChain.java:174) ~[tomcat-embed-core-10.1.16.jar:10.1.16]
	at org.apache.catalina.core.ApplicationFilterChain.doFilter(ApplicationFilterChain.java:149) ~[tomcat-embed-core-10.1.16.jar:10.1.16]
	at org.springframework.web.filter.FormContentFilter.doFilterInternal(FormContentFilter.java:93) ~[spring-web-6.1.1.jar:6.1.1]
	at org.springframework.web.filter.OncePerRequestFilter.doFilter(OncePerRequestFilter.java:116) ~[spring-web-6.1.1.jar:6.1.1]
	at org.apache.catalina.core.ApplicationFilterChain.internalDoFilter(ApplicationFilterChain.java:174) ~[tomcat-embed-core-10.1.16.jar:10.1.16]
	at org.apache.catalina.core.ApplicationFilterChain.doFilter(ApplicationFilterChain.java:149) ~[tomcat-embed-core-10.1.16.jar:10.1.16]
	at org.springframework.web.filter.ServerHttpObservationFilter.doFilterInternal(ServerHttpObservationFilter.java:109) ~[spring-web-6.1.1.jar:6.1.1]
	at org.springframework.web.filter.OncePerRequestFilter.doFilter(OncePerRequestFilter.java:116) ~[spring-web-6.1.1.jar:6.1.1]
	at org.apache.catalina.core.ApplicationFilterChain.internalDoFilter(ApplicationFilterChain.java:174) ~[tomcat-embed-core-10.1.16.jar:10.1.16]
	at org.apache.catalina.core.ApplicationFilterChain.doFilter(ApplicationFilterChain.java:149) ~[tomcat-embed-core-10.1.16.jar:10.1.16]
	at org.springframework.web.filter.CharacterEncodingFilter.doFilterInternal(CharacterEncodingFilter.java:201) ~[spring-web-6.1.1.jar:6.1.1]
	at org.springframework.web.filter.OncePerRequestFilter.doFilter(OncePerRequestFilter.java:116) ~[spring-web-6.1.1.jar:6.1.1]
	at org.apache.catalina.core.ApplicationFilterChain.internalDoFilter(ApplicationFilterChain.java:174) ~[tomcat-embed-core-10.1.16.jar:10.1.16]
	at org.apache.catalina.core.ApplicationFilterChain.doFilter(ApplicationFilterChain.java:149) ~[tomcat-embed-core-10.1.16.jar:10.1.16]
	at org.apache.catalina.core.StandardWrapperValve.invoke(StandardWrapperValve.java:167) ~[tomcat-embed-core-10.1.16.jar:10.1.16]
	at org.apache.catalina.core.StandardContextValve.invoke(StandardContextValve.java:90) ~[tomcat-embed-core-10.1.16.jar:10.1.16]
	at org.apache.catalina.authenticator.AuthenticatorBase.invoke(AuthenticatorBase.java:482) ~[tomcat-embed-core-10.1.16.jar:10.1.16]
	at org.apache.catalina.core.StandardHostValve.invoke(StandardHostValve.java:115) ~[tomcat-embed-core-10.1.16.jar:10.1.16]
	at org.apache.catalina.valves.ErrorReportValve.invoke(ErrorReportValve.java:93) ~[tomcat-embed-core-10.1.16.jar:10.1.16]
	at org.apache.catalina.core.StandardEngineValve.invoke(StandardEngineValve.java:74) ~[tomcat-embed-core-10.1.16.jar:10.1.16]
	at org.apache.catalina.connector.CoyoteAdapter.service(CoyoteAdapter.java:340) ~[tomcat-embed-core-10.1.16.jar:10.1.16]
	at org.apache.coyote.http11.Http11Processor.service(Http11Processor.java:391) ~[tomcat-embed-core-10.1.16.jar:10.1.16]
	at org.apache.coyote.AbstractProcessorLight.process(AbstractProcessorLight.java:63) ~[tomcat-embed-core-10.1.16.jar:10.1.16]
	at org.apache.coyote.AbstractProtocol$ConnectionHandler.process(AbstractProtocol.java:896) ~[tomcat-embed-core-10.1.16.jar:10.1.16]
	at org.apache.tomcat.util.net.NioEndpoint$SocketProcessor.doRun(NioEndpoint.java:1744) ~[tomcat-embed-core-10.1.16.jar:10.1.16]
	at org.apache.tomcat.util.net.SocketProcessorBase.run(SocketProcessorBase.java:52) ~[tomcat-embed-core-10.1.16.jar:10.1.16]
	at org.apache.tomcat.util.threads.ThreadPoolExecutor.runWorker(ThreadPoolExecutor.java:1191) ~[tomcat-embed-core-10.1.16.jar:10.1.16]
	at org.apache.tomcat.util.threads.ThreadPoolExecutor$Worker.run(ThreadPoolExecutor.java:659) ~[tomcat-embed-core-10.1.16.jar:10.1.16]
	at org.apache.tomcat.util.threads.TaskThread$WrappingRunnable.run(TaskThread.java:61) ~[tomcat-embed-core-10.1.16.jar:10.1.16]
	at java.base/java.lang.Thread.run(Thread.java:1474) ~[na:na]

Hibernate: 
    select
        u1_0.id,
        u1_0.is_active,
        u1_0.created_at,
        u1_0.date_of_birth,
        u1_0.email,
        u1_0.email_verified,
        u1_0.fcm_token,
        u1_0.full_name,
        u1_0.notification_enabled,
        u1_0.password,
        u1_0.phone_number,
        u1_0.profile_picture,
        u1_0.role,
        u1_0.updated_at,
        u1_0.username 
    from
        users u1_0 
    where
        u1_0.username=?
2026-03-18T09:43:55.318+05:30 DEBUG 15424 --- [SmartMedicine] [nio-8082-exec-3] org.hibernate.SQL                        : 
    select
        u1_0.id,
        u1_0.is_active,
        u1_0.created_at,
        u1_0.date_of_birth,
        u1_0.email,
        u1_0.email_verified,
        u1_0.fcm_token,
        u1_0.full_name,
        u1_0.notification_enabled,
        u1_0.password,
        u1_0.phone_number,
        u1_0.profile_picture,
        u1_0.role,
        u1_0.updated_at,
        u1_0.username 
    from
        users u1_0 
    where
        u1_0.username=? 
        or u1_0.email=?
Hibernate: 
    select
        u1_0.id,
        u1_0.is_active,
        u1_0.created_at,
        u1_0.date_of_birth,
        u1_0.email,
        u1_0.email_verified,
        u1_0.fcm_token,
        u1_0.full_name,
        u1_0.notification_enabled,
        u1_0.password,
        u1_0.phone_number,
        u1_0.profile_picture,
        u1_0.role,
        u1_0.updated_at,
        u1_0.username 
    from
        users u1_0 
    where
        u1_0.username=? 
        or u1_0.email=?
2026-03-18T09:43:55.374+05:30 DEBUG 15424 --- [SmartMedicine] [io-8082-exec-10] org.hibernate.SQL                        : 
    select
        count(m1_0.id) 
    from
        medicines m1_0 
    where
        m1_0.user_id=?
Hibernate: 
    select
        count(m1_0.id) 
    from
        medicines m1_0 
    where
        m1_0.user_id=?
2026-03-18T09:43:55.379+05:30 DEBUG 15424 --- [SmartMedicine] [io-8082-exec-10] org.hibernate.SQL                        : 
    select
        count(m1_0.id) 
    from
        medicines m1_0 
    where
        m1_0.user_id=? 
        and m1_0.status=?
Hibernate: 
    select
        count(m1_0.id) 
    from
        medicines m1_0 
    where
        m1_0.user_id=? 
        and m1_0.status=?
2026-03-18T09:43:55.381+05:30 DEBUG 15424 --- [SmartMedicine] [nio-8082-exec-3] org.hibernate.SQL                        : 
    select
        u1_0.id,
        u1_0.is_active,
        u1_0.created_at,
        u1_0.date_of_birth,
        u1_0.email,
        u1_0.email_verified,
        u1_0.fcm_token,
        u1_0.full_name,
        u1_0.notification_enabled,
        u1_0.password,
        u1_0.phone_number,
        u1_0.profile_picture,
        u1_0.role,
        u1_0.updated_at,
        u1_0.username 
    from
        users u1_0 
    where
        u1_0.username=?
Hibernate: 
    select
        u1_0.id,
        u1_0.is_active,
        u1_0.created_at,
        u1_0.date_of_birth,
        u1_0.email,
        u1_0.email_verified,
        u1_0.fcm_token,
        u1_0.full_name,
        u1_0.notification_enabled,
        u1_0.password,
        u1_0.phone_number,
        u1_0.profile_picture,
        u1_0.role,
        u1_0.updated_at,
        u1_0.username 
    from
        users u1_0 
    where
        u1_0.username=?
2026-03-18T09:43:55.384+05:30 DEBUG 15424 --- [SmartMedicine] [io-8082-exec-10] org.hibernate.SQL                        : 
    select
        m1_0.id,
        m1_0.barcode,
        m1_0.batch_number,
        m1_0.created_at,
        m1_0.description,
        m1_0.dosage,
        m1_0.dosage_unit,
        m1_0.expiry_date,
        m1_0.image_url,
        m1_0.low_stock_threshold,
        m1_0.manufacturer,
        m1_0.medicine_type,
        m1_0.name,
        m1_0.prescription_required,
        m1_0.price,
        m1_0.purchase_date,
        m1_0.quantity,
        m1_0.quantity_unit,
        m1_0.side_effects,
        m1_0.status,
        m1_0.storage_instructions,
        m1_0.updated_at,
        m1_0.user_id 
    from
        medicines m1_0 
    where
        m1_0.user_id=? 
        and m1_0.expiry_date<?
Hibernate: 
    select
        m1_0.id,
        m1_0.barcode,
        m1_0.batch_number,
        m1_0.created_at,
        m1_0.description,
        m1_0.dosage,
        m1_0.dosage_unit,
        m1_0.expiry_date,
        m1_0.image_url,
        m1_0.low_stock_threshold,
        m1_0.manufacturer,
        m1_0.medicine_type,
        m1_0.name,
        m1_0.prescription_required,
        m1_0.price,
        m1_0.purchase_date,
        m1_0.quantity,
        m1_0.quantity_unit,
        m1_0.side_effects,
        m1_0.status,
        m1_0.storage_instructions,
        m1_0.updated_at,
        m1_0.user_id 
    from
        medicines m1_0 
    where
        m1_0.user_id=? 
        and m1_0.expiry_date<?
2026-03-18T09:43:55.389+05:30 DEBUG 15424 --- [SmartMedicine] [nio-8082-exec-3] org.hibernate.SQL                        : 
    select
        r1_0.id,
        r1_0.is_active,
        r1_0.is_completed,
        r1_0.created_at,
        r1_0.dose_amount,
        r1_0.dose_unit,
        r1_0.end_date,
        r1_0.frequency,
        r1_0.last_taken_at,
        r1_0.medicine_id,
        r1_0.notes,
        r1_0.notification_type,
        r1_0.snooze_minutes,
        r1_0.start_date,
        r1_0.title,
        r1_0.updated_at,
        r1_0.user_id 
    from
        reminders r1_0 
    where
        r1_0.user_id=? 
        and r1_0.is_active=1 
        and r1_0.start_date<=? 
        and (
            r1_0.end_date is null 
            or r1_0.end_date>=?
        )
Hibernate: 
    select
        r1_0.id,
        r1_0.is_active,
        r1_0.is_completed,
        r1_0.created_at,
        r1_0.dose_amount,
        r1_0.dose_unit,
        r1_0.end_date,
        r1_0.frequency,
        r1_0.last_taken_at,
        r1_0.medicine_id,
        r1_0.notes,
        r1_0.notification_type,
        r1_0.snooze_minutes,
        r1_0.start_date,
        r1_0.title,
        r1_0.updated_at,
        r1_0.user_id 
    from
        reminders r1_0 
    where
        r1_0.user_id=? 
        and r1_0.is_active=1 
        and r1_0.start_date<=? 
        and (
            r1_0.end_date is null 
            or r1_0.end_date>=?
        )
2026-03-18T09:43:55.389+05:30 DEBUG 15424 --- [SmartMedicine] [io-8082-exec-10] org.hibernate.SQL                        : 
    select
        m1_0.id,
        m1_0.barcode,
        m1_0.batch_number,
        m1_0.created_at,
        m1_0.description,
        m1_0.dosage,
        m1_0.dosage_unit,
        m1_0.expiry_date,
        m1_0.image_url,
        m1_0.low_stock_threshold,
        m1_0.manufacturer,
        m1_0.medicine_type,
        m1_0.name,
        m1_0.prescription_required,
        m1_0.price,
        m1_0.purchase_date,
        m1_0.quantity,
        m1_0.quantity_unit,
        m1_0.side_effects,
        m1_0.status,
        m1_0.storage_instructions,
        m1_0.updated_at,
        m1_0.user_id 
    from
        medicines m1_0 
    where
        m1_0.user_id=? 
        and m1_0.quantity<=m1_0.low_stock_threshold
Hibernate: 
    select
        m1_0.id,
        m1_0.barcode,
        m1_0.batch_number,
        m1_0.created_at,
        m1_0.description,
        m1_0.dosage,
        m1_0.dosage_unit,
        m1_0.expiry_date,
        m1_0.image_url,
        m1_0.low_stock_threshold,
        m1_0.manufacturer,
        m1_0.medicine_type,
        m1_0.name,
        m1_0.prescription_required,
        m1_0.price,
        m1_0.purchase_date,
        m1_0.quantity,
        m1_0.quantity_unit,
        m1_0.side_effects,
        m1_0.status,
        m1_0.storage_instructions,
        m1_0.updated_at,
        m1_0.user_id 
    from
        medicines m1_0 
    where
        m1_0.user_id=? 
        and m1_0.quantity<=m1_0.low_stock_threshold
2026-03-18T09:43:55.394+05:30 DEBUG 15424 --- [SmartMedicine] [nio-8082-exec-3] org.hibernate.SQL                        : 
    select
        rt1_0.reminder_id,
        rt1_0.reminder_time 
    from
        reminder_times rt1_0 
    where
        rt1_0.reminder_id=?
Hibernate: 
    select
        rt1_0.reminder_id,
        rt1_0.reminder_time 
    from
        reminder_times rt1_0 
    where
        rt1_0.reminder_id=?
2026-03-18T09:43:55.395+05:30 DEBUG 15424 --- [SmartMedicine] [io-8082-exec-10] org.hibernate.SQL                        : 
    select
        m1_0.id,
        m1_0.barcode,
        m1_0.batch_number,
        m1_0.created_at,
        m1_0.description,
        m1_0.dosage,
        m1_0.dosage_unit,
        m1_0.expiry_date,
        m1_0.image_url,
        m1_0.low_stock_threshold,
        m1_0.manufacturer,
        m1_0.medicine_type,
        m1_0.name,
        m1_0.prescription_required,
        m1_0.price,
        m1_0.purchase_date,
        m1_0.quantity,
        m1_0.quantity_unit,
        m1_0.side_effects,
        m1_0.status,
        m1_0.storage_instructions,
        m1_0.updated_at,
        m1_0.user_id 
    from
        medicines m1_0 
    where
        m1_0.user_id=? 
        and m1_0.expiry_date between ? and ?
Hibernate: 
    select
        m1_0.id,
        m1_0.barcode,
        m1_0.batch_number,
        m1_0.created_at,
        m1_0.description,
        m1_0.dosage,
        m1_0.dosage_unit,
        m1_0.expiry_date,
        m1_0.image_url,
        m1_0.low_stock_threshold,
        m1_0.manufacturer,
        m1_0.medicine_type,
        m1_0.name,
        m1_0.prescription_required,
        m1_0.price,
        m1_0.purchase_date,
        m1_0.quantity,
        m1_0.quantity_unit,
        m1_0.side_effects,
        m1_0.status,
        m1_0.storage_instructions,
        m1_0.updated_at,
        m1_0.user_id 
    from
        medicines m1_0 
    where
        m1_0.user_id=? 
        and m1_0.expiry_date between ? and ?
2026-03-18T09:43:55.395+05:30 DEBUG 15424 --- [SmartMedicine] [nio-8082-exec-3] org.hibernate.SQL                        : 
    select
        dow1_0.reminder_id,
        dow1_0.day_of_week 
    from
        reminder_days dow1_0 
    where
        dow1_0.reminder_id=?
Hibernate: 
    select
        dow1_0.reminder_id,
        dow1_0.day_of_week 
    from
        reminder_days dow1_0 
    where
        dow1_0.reminder_id=?
2026-03-18T09:43:55.414+05:30 DEBUG 15424 --- [SmartMedicine] [nio-8082-exec-3] org.hibernate.SQL                        : 
    select
        m1_0.id,
        m1_0.barcode,
        m1_0.batch_number,
        m1_0.created_at,
        m1_0.description,
        m1_0.dosage,
        m1_0.dosage_unit,
        m1_0.expiry_date,
        m1_0.image_url,
        m1_0.low_stock_threshold,
        m1_0.manufacturer,
        m1_0.medicine_type,
        m1_0.name,
        m1_0.prescription_required,
        m1_0.price,
        m1_0.purchase_date,
        m1_0.quantity,
        m1_0.quantity_unit,
        m1_0.side_effects,
        m1_0.status,
        m1_0.storage_instructions,
        m1_0.updated_at,
        m1_0.user_id 
    from
        medicines m1_0 
    where
        m1_0.id=?
Hibernate: 
    select
        m1_0.id,
        m1_0.barcode,
        m1_0.batch_number,
        m1_0.created_at,
        m1_0.description,
        m1_0.dosage,
        m1_0.dosage_unit,
        m1_0.expiry_date,
        m1_0.image_url,
        m1_0.low_stock_threshold,
        m1_0.manufacturer,
        m1_0.medicine_type,
        m1_0.name,
        m1_0.prescription_required,
        m1_0.price,
        m1_0.purchase_date,
        m1_0.quantity,
        m1_0.quantity_unit,
        m1_0.side_effects,
        m1_0.status,
        m1_0.storage_instructions,
        m1_0.updated_at,
        m1_0.user_id 
    from
        medicines m1_0 
    where
        m1_0.id=?
2026-03-18T09:43:55.416+05:30 DEBUG 15424 --- [SmartMedicine] [nio-8082-exec-3] org.hibernate.SQL                        : 
    select
        rt1_0.reminder_id,
        rt1_0.reminder_time 
    from
        reminder_times rt1_0 
    where
        rt1_0.reminder_id=?
Hibernate: 
    select
        rt1_0.reminder_id,
        rt1_0.reminder_time 
    from
        reminder_times rt1_0 
    where
        rt1_0.reminder_id=?
2026-03-18T09:43:55.420+05:30 DEBUG 15424 --- [SmartMedicine] [nio-8082-exec-3] org.hibernate.SQL                        : 
    select
        dow1_0.reminder_id,
        dow1_0.day_of_week 
    from
        reminder_days dow1_0 
    where
        dow1_0.reminder_id=?
Hibernate: 
    select
        dow1_0.reminder_id,
        dow1_0.day_of_week 
    from
        reminder_days dow1_0 
    where
        dow1_0.reminder_id=?
2026-03-18T09:43:55.421+05:30 DEBUG 15424 --- [SmartMedicine] [nio-8082-exec-3] org.hibernate.SQL                        : 
    select
        m1_0.id,
        m1_0.barcode,
        m1_0.batch_number,
        m1_0.created_at,
        m1_0.description,
        m1_0.dosage,
        m1_0.dosage_unit,
        m1_0.expiry_date,
        m1_0.image_url,
        m1_0.low_stock_threshold,
        m1_0.manufacturer,
        m1_0.medicine_type,
        m1_0.name,
        m1_0.prescription_required,
        m1_0.price,
        m1_0.purchase_date,
        m1_0.quantity,
        m1_0.quantity_unit,
        m1_0.side_effects,
        m1_0.status,
        m1_0.storage_instructions,
        m1_0.updated_at,
        m1_0.user_id 
    from
        medicines m1_0 
    where
        m1_0.id=?
Hibernate: 
    select
        m1_0.id,
        m1_0.barcode,
        m1_0.batch_number,
        m1_0.created_at,
        m1_0.description,
        m1_0.dosage,
        m1_0.dosage_unit,
        m1_0.expiry_date,
        m1_0.image_url,
        m1_0.low_stock_threshold,
        m1_0.manufacturer,
        m1_0.medicine_type,
        m1_0.name,
        m1_0.prescription_required,
        m1_0.price,
        m1_0.purchase_date,
        m1_0.quantity,
        m1_0.quantity_unit,
        m1_0.side_effects,
        m1_0.status,
        m1_0.storage_instructions,
        m1_0.updated_at,
        m1_0.user_id 
    from
        medicines m1_0 
    where
        m1_0.id=?
2026-03-18T09:44:36.946+05:30 DEBUG 15424 --- [SmartMedicine] [   scheduling-1] org.hibernate.SQL                        : 
    select
        r1_0.id,
        r1_0.is_active,
        r1_0.is_completed,
        r1_0.created_at,
        r1_0.dose_amount,
        r1_0.dose_unit,
        r1_0.end_date,
        r1_0.frequency,
        r1_0.last_taken_at,
        r1_0.medicine_id,
        r1_0.notes,
        r1_0.notification_type,
        r1_0.snooze_minutes,
        r1_0.start_date,
        r1_0.title,
        r1_0.updated_at,
        r1_0.user_id 
    from
        reminders r1_0 
    where
        r1_0.is_active=1 
        and r1_0.start_date<=? 
        and (
            r1_0.end_date is null 
            or r1_0.end_date>=?
        )
Hibernate: 
    select
        r1_0.id,
        r1_0.is_active,
        r1_0.is_completed,
        r1_0.created_at,
        r1_0.dose_amount,
        r1_0.dose_unit,
        r1_0.end_date,
        r1_0.frequency,
        r1_0.last_taken_at,
        r1_0.medicine_id,
        r1_0.notes,
        r1_0.notification_type,
        r1_0.snooze_minutes,
        r1_0.start_date,
        r1_0.title,
        r1_0.updated_at,
        r1_0.user_id 
    from
        reminders r1_0 
    where
        r1_0.is_active=1 
        and r1_0.start_date<=? 
        and (
            r1_0.end_date is null 
            or r1_0.end_date>=?
        )
2026-03-18T09:44:36.958+05:30 DEBUG 15424 --- [SmartMedicine] [   scheduling-1] c.smartmedicine.service.ReminderService  : Checking 2 active reminders for notifications
2026-03-18T09:44:36.960+05:30 DEBUG 15424 --- [SmartMedicine] [   scheduling-1] org.hibernate.SQL                        : 
    select
        u1_0.id,
        u1_0.is_active,
        u1_0.created_at,
        u1_0.date_of_birth,
        u1_0.email,
        u1_0.email_verified,
        u1_0.fcm_token,
        u1_0.full_name,
        u1_0.notification_enabled,
        u1_0.password,
        u1_0.phone_number,
        u1_0.profile_picture,
        u1_0.role,
        u1_0.updated_at,
        u1_0.username 
    from
        users u1_0 
    where
        u1_0.id=?
Hibernate: 
    select
        u1_0.id,
        u1_0.is_active,
        u1_0.created_at,
        u1_0.date_of_birth,
        u1_0.email,
        u1_0.email_verified,
        u1_0.fcm_token,
        u1_0.full_name,
        u1_0.notification_enabled,
        u1_0.password,
        u1_0.phone_number,
        u1_0.profile_picture,
        u1_0.role,
        u1_0.updated_at,
        u1_0.username 
    from
        users u1_0 
    where
        u1_0.id=?
2026-03-18T09:44:36.962+05:30 DEBUG 15424 --- [SmartMedicine] [   scheduling-1] c.smartmedicine.service.ReminderService  : Checking reminder 'Afternoon Dose' for user 'pranathi' (Notifications: true, Email: pranathipaidi143@gmail.com, FCM: null)
2026-03-18T09:44:36.963+05:30 DEBUG 15424 --- [SmartMedicine] [   scheduling-1] c.smartmedicine.service.ReminderService  : Current system time: 9:44
2026-03-18T09:44:36.963+05:30 DEBUG 15424 --- [SmartMedicine] [   scheduling-1] org.hibernate.SQL                        : 
    select
        rt1_0.reminder_id,
        rt1_0.reminder_time 
    from
        reminder_times rt1_0 
    where
        rt1_0.reminder_id=?
Hibernate: 
    select
        rt1_0.reminder_id,
        rt1_0.reminder_time 
    from
        reminder_times rt1_0 
    where
        rt1_0.reminder_id=?
2026-03-18T09:44:36.966+05:30 DEBUG 15424 --- [SmartMedicine] [   scheduling-1] c.smartmedicine.service.ReminderService  : Comparing scheduled time 13:20 with current time 9:44
2026-03-18T09:44:36.966+05:30 DEBUG 15424 --- [SmartMedicine] [   scheduling-1] c.smartmedicine.service.ReminderService  : Checking reminder 'Night Dose' for user 'pranathi' (Notifications: true, Email: pranathipaidi143@gmail.com, FCM: null)
2026-03-18T09:44:36.966+05:30 DEBUG 15424 --- [SmartMedicine] [   scheduling-1] c.smartmedicine.service.ReminderService  : Current system time: 9:44
2026-03-18T09:44:36.967+05:30 DEBUG 15424 --- [SmartMedicine] [   scheduling-1] org.hibernate.SQL                        : 
    select
        rt1_0.reminder_id,
        rt1_0.reminder_time 
    from
        reminder_times rt1_0 
    where
        rt1_0.reminder_id=?
Hibernate: 
    select
        rt1_0.reminder_id,
        rt1_0.reminder_time 
    from
        reminder_times rt1_0 
    where
        rt1_0.reminder_id=?
2026-03-18T09:45:36.979+05:30 DEBUG 15424 --- [SmartMedicine] [   scheduling-3] org.hibernate.SQL                        : 
    select
        r1_0.id,
        r1_0.is_active,
        r1_0.is_completed,
        r1_0.created_at,
        r1_0.dose_amount,
        r1_0.dose_unit,
        r1_0.end_date,
        r1_0.frequency,
        r1_0.last_taken_at,
        r1_0.medicine_id,
        r1_0.notes,
        r1_0.notification_type,
        r1_0.snooze_minutes,
        r1_0.start_date,
        r1_0.title,
        r1_0.updated_at,
        r1_0.user_id 
    from
        reminders r1_0 
    where
        r1_0.is_active=1 
        and r1_0.start_date<=? 
        and (
            r1_0.end_date is null 
            or r1_0.end_date>=?
        )
Hibernate: 
    select
        r1_0.id,
        r1_0.is_active,
        r1_0.is_completed,
        r1_0.created_at,
        r1_0.dose_amount,
        r1_0.dose_unit,
        r1_0.end_date,
        r1_0.frequency,
        r1_0.last_taken_at,
        r1_0.medicine_id,
        r1_0.notes,
        r1_0.notification_type,
        r1_0.snooze_minutes,
        r1_0.start_date,
        r1_0.title,
        r1_0.updated_at,
        r1_0.user_id 
    from
        reminders r1_0 
    where
        r1_0.is_active=1 
        and r1_0.start_date<=? 
        and (
            r1_0.end_date is null 
            or r1_0.end_date>=?
        )
2026-03-18T09:45:36.983+05:30 DEBUG 15424 --- [SmartMedicine] [   scheduling-3] c.smartmedicine.service.ReminderService  : Checking 2 active reminders for notifications
2026-03-18T09:45:36.983+05:30 DEBUG 15424 --- [SmartMedicine] [   scheduling-3] org.hibernate.SQL                        : 
    select
        u1_0.id,
        u1_0.is_active,
        u1_0.created_at,
        u1_0.date_of_birth,
        u1_0.email,
        u1_0.email_verified,
        u1_0.fcm_token,
        u1_0.full_name,
        u1_0.notification_enabled,
        u1_0.password,
        u1_0.phone_number,
        u1_0.profile_picture,
        u1_0.role,
        u1_0.updated_at,
        u1_0.username 
    from
        users u1_0 
    where
        u1_0.id=?
Hibernate: 
    select
        u1_0.id,
        u1_0.is_active,
        u1_0.created_at,
        u1_0.date_of_birth,
        u1_0.email,
        u1_0.email_verified,
        u1_0.fcm_token,
        u1_0.full_name,
        u1_0.notification_enabled,
        u1_0.password,
        u1_0.phone_number,
        u1_0.profile_picture,
        u1_0.role,
        u1_0.updated_at,
        u1_0.username 
    from
        users u1_0 
    where
        u1_0.id=?
2026-03-18T09:45:36.986+05:30 DEBUG 15424 --- [SmartMedicine] [   scheduling-3] c.smartmedicine.service.ReminderService  : Checking reminder 'Afternoon Dose' for user 'pranathi' (Notifications: true, Email: pranathipaidi143@gmail.com, FCM: null)
2026-03-18T09:45:36.986+05:30 DEBUG 15424 --- [SmartMedicine] [   scheduling-3] c.smartmedicine.service.ReminderService  : Current system time: 9:45
2026-03-18T09:45:36.986+05:30 DEBUG 15424 --- [SmartMedicine] [   scheduling-3] org.hibernate.SQL                        : 
    select
        rt1_0.reminder_id,
        rt1_0.reminder_time 
    from
        reminder_times rt1_0 
    where
        rt1_0.reminder_id=?
Hibernate: 
    select
        rt1_0.reminder_id,
        rt1_0.reminder_time 
    from
        reminder_times rt1_0 
    where
        rt1_0.reminder_id=?
2026-03-18T09:45:36.987+05:30 DEBUG 15424 --- [SmartMedicine] [   scheduling-3] c.smartmedicine.service.ReminderService  : Comparing scheduled time 13:20 with current time 9:45
2026-03-18T09:45:36.987+05:30 DEBUG 15424 --- [SmartMedicine] [   scheduling-3] c.smartmedicine.service.ReminderService  : Checking reminder 'Night Dose' for user 'pranathi' (Notifications: true, Email: pranathipaidi143@gmail.com, FCM: null)
2026-03-18T09:45:36.988+05:30 DEBUG 15424 --- [SmartMedicine] [   scheduling-3] c.smartmedicine.service.ReminderService  : Current system time: 9:45
2026-03-18T09:45:36.988+05:30 DEBUG 15424 --- [SmartMedicine] [   scheduling-3] org.hibernate.SQL                        : 
    select
        rt1_0.reminder_id,
        rt1_0.reminder_time 
    from
        reminder_times rt1_0 
    where
        rt1_0.reminder_id=?
Hibernate: 
    select
        rt1_0.reminder_id,
        rt1_0.reminder_time 
    from
        reminder_times rt1_0 
    where
        rt1_0.reminder_id=?
[INFO] ------------------------------------------------------------------------
[INFO] BUILD FAILURE
[INFO] ------------------------------------------------------------------------
[INFO] Total time:  05:14 min
[INFO] Finished at: 2026-03-18T09:46:22+05:30
[INFO] ------------------------------------------------------------------------
[ERROR] Failed to execute goal org.springframework.boot:spring-boot-maven-plugin:3.2.0:run (default-cli) on project smart-medicine: Process terminated with exit code: 1 -> [Help 1]
[ERROR] 
[ERROR] To see the full stack trace of the errors, re-run Maven with the -e switch.
[ERROR] Re-run Maven using the -X switch to enable full debug logging.
[ERROR] 
[ERROR] For more information about the errors and possible solutions, please read the following articles:
[ERROR] [Help 1] http://cwiki.apache.org/confluence/display/MAVEN/MojoExecutionException
